[/var/www/Spika-Server/HookUpServer/hookup/hookup-api.php:44] Array
(
    [_id] => 9b396ef6f2ea68ff9eee226388175b47
    [_rev] => 1-3e2935a61dbf0f2c861fb404596e170b
    [name] => test user 1
    [email] => test@test.com
    [type] => user
    [online_status] => online
    [max_contact_count] => 20
    [max_favorite_count] => 10
    [password] => t
    [favorite_groups] => Array
        (
            [0] => 
        )

)

[/var/www/Spika-Server/HookUpServer/hookup/hookup-api.php:44] Array
(
    [_id] => 9b396ef6f2ea68ff9eee226388177df9
    [_rev] => 1-3e2935a61dbf0f2c861fb404596e170b
    [name] => test user 1
    [email] => test@test.com
    [type] => user
    [online_status] => online
    [max_contact_count] => 20
    [max_favorite_count] => 10
    [password] => t
    [favorite_groups] => Array
        (
            [0] => 
        )

)

[/var/www/Spika-Server/HookUpServer/hookup/hookup-api.php:44] Array
(
    [_id] => 9b396ef6f2ea68ff9eee226388179ab3
    [_rev] => 1-3e2935a61dbf0f2c861fb404596e170b
    [name] => test user 1
    [email] => test@test.com
    [type] => user
    [online_status] => online
    [max_contact_count] => 20
    [max_favorite_count] => 10
    [password] => t
    [favorite_groups] => Array
        (
            [0] => 
        )

)

[/var/www/Spika-Server/HookUpServer/hookup/hookup-api.php:44] Array
(
    [_id] => 9b396ef6f2ea68ff9eee22638817be96
    [_rev] => 1-3e2935a61dbf0f2c861fb404596e170b
    [name] => test user 1
    [email] => test@test.com
    [type] => user
    [online_status] => online
    [max_contact_count] => 20
    [max_favorite_count] => 10
    [password] => t
    [favorite_groups] => Array
        (
            [0] => 
        )

)

[/var/www/Spika-Server/HookUpServer/hookup/hookup-api.php:44] Array
(
    [_id] => 9b396ef6f2ea68ff9eee226388180286
    [_rev] => 1-3e2935a61dbf0f2c861fb404596e170b
    [name] => test user 1
    [email] => test@test.com
    [type] => user
    [online_status] => online
    [max_contact_count] => 20
    [max_favorite_count] => 10
    [password] => t
    [favorite_groups] => Array
        (
            [0] => 
        )

)

