[2013-10-14 19:49:18] myapp.INFO: Matched route "_api_GET_args" (parameters: "_controller": "{}", "args": "hookup-auth.php", "_route": "_api_GET_args") [] []
[2013-10-14 19:49:18] myapp.INFO: > GET /api/hookup-auth.php [] []
[2013-10-14 19:49:18] myapp.DEBUG: Receive Get Request : 
 http://localhost:5984/spikademo/hookup-auth.php? 
 [] []
[2013-10-14 19:49:18] myapp.INFO: < 200 [] []
[2013-10-14 19:49:22] myapp.INFO: Matched route "_api_GET_args" (parameters: "_controller": "{}", "args": "_design/app/_view/user_activity_summary", "_route": "_api_GET_args") [] []
[2013-10-14 19:49:22] myapp.INFO: > GET /api/_design/app/_view/user_activity_summary?key=%229b396ef6f2ea68ff9eee226388191be1%22 [] []
[2013-10-14 19:49:22] myapp.DEBUG: Receive Get Request : 
 http://localhost:5984/spikademo/_design/app/_view/user_activity_summary?key=%229b396ef6f2ea68ff9eee226388191be1%22 
 [] []
[2013-10-14 19:49:22] myapp.INFO: < 200 [] []
[2013-10-14 19:49:24] myapp.INFO: Matched route "_api_GET_args" (parameters: "_controller": "{}", "args": "_design/app/_view/user_activity_summary", "_route": "_api_GET_args") [] []
[2013-10-14 19:49:24] myapp.INFO: > GET /api/_design/app/_view/user_activity_summary?key=%229b396ef6f2ea68ff9eee226388191be1%22 [] []
[2013-10-14 19:49:24] myapp.DEBUG: Receive Get Request : 
 http://localhost:5984/spikademo/_design/app/_view/user_activity_summary?key=%229b396ef6f2ea68ff9eee226388191be1%22 
 [] []
[2013-10-14 19:49:24] myapp.INFO: < 200 [] []
[2013-10-14 19:49:27] myapp.INFO: Matched route "_api_GET_searchuser.php" (parameters: "_controller": "{}", "_route": "_api_GET_searchuser.php") [] []
[2013-10-14 19:49:27] myapp.INFO: > GET /api/searchuser.php?af=0&at=100&n=&g=& [] []
[2013-10-14 19:49:27] myapp.DEBUG: Receive Get Request : 
 http://localhost:5984/spikademo//_design/app/_view/searchuser_age?endkey=100 
 [] []
[2013-10-14 19:49:27] myapp.INFO: < 200 [] []
